                Step[ FC]     Time          Energy          fmax
*Force-consistent energies used in optimization.
BFGSLineSearch:    0[  0] 10:14:50     -177.044907*       1.5150
BFGSLineSearch:    1[  2] 10:15:56     -177.417384*       1.1200
BFGSLineSearch:    2[  4] 10:16:46     -177.625620*       1.0996
BFGSLineSearch:    3[  6] 10:17:35     -177.779021*       0.9277
BFGSLineSearch:    4[  8] 10:18:28     -177.874363*       0.6362
BFGSLineSearch:    5[ 10] 10:19:19     -177.908873*       0.5107
BFGSLineSearch:    6[ 12] 10:20:05     -177.938608*       0.3383
BFGSLineSearch:    7[ 14] 10:20:56     -177.958367*       0.2987
BFGSLineSearch:    8[ 16] 10:21:34     -177.967945*       0.2005
BFGSLineSearch:    9[ 21] 10:23:10     -177.979313*       0.5226
BFGSLineSearch:   10[ 23] 10:23:51     -177.993604*       0.6009
BFGSLineSearch:   11[ 25] 10:24:40     -178.006970*       0.4603
BFGSLineSearch:   12[ 27] 10:25:31     -178.017215*       0.2814
BFGSLineSearch:   13[ 32] 10:27:09     -178.030860*       0.3817
BFGSLineSearch:   14[ 34] 10:27:58     -178.037767*       0.3004
BFGSLineSearch:   15[ 37] 10:28:55     -178.043798*       0.1855
BFGSLineSearch:   16[ 45] 10:31:10     -178.043959*       0.2729
BFGSLineSearch:   17[ 47] 10:31:43     -178.049925*       0.2369
BFGSLineSearch:   18[ 52] 10:32:50     -178.054251*       0.1195
BFGSLineSearch:   19[ 60] 10:34:18     -178.054932*       0.1012
BFGSLineSearch:   20[ 62] 10:35:23     -178.056775*       0.2201
BFGSLineSearch:   21[ 70] 10:37:25     -178.056648*       0.2517
BFGSLineSearch:   22[ 76] 10:39:16     -178.059913*       0.1910
BFGSLineSearch:   23[ 85] 10:40:55     -178.061207*       0.1425
BFGSLineSearch:   24[ 91] 10:42:29     -178.062370*       0.2275
BFGSLineSearch:   25[ 99] 10:44:33     -178.062505*       0.2840
BFGSLineSearch:   26[105] 10:45:49     -178.063596*       0.1761
BFGSLineSearch:   27[113] 10:47:56     -178.063645*       0.1757
BFGSLineSearch:   28[118] 10:49:22     -178.065059*       0.1477
BFGSLineSearch:   29[126] 10:50:47     -178.065331*       0.1010
BFGSLineSearch:   30[132] 10:52:08     -178.065587*       0.0729
BFGSLineSearch:   31[138] 10:53:29     -178.065793*       0.0461
BFGSLineSearch:   32[142] 10:54:19     -178.065824*       0.0421
BFGSLineSearch:   33[147] 10:55:28     -178.066008*       0.0672
BFGSLineSearch:   34[157] 10:57:42     -178.065022*       0.1160
BFGSLineSearch:   35[164] 10:59:32     -178.065808*       0.0854
BFGSLineSearch:   36[170] 11:00:55     -178.065932*       0.0643
BFGSLineSearch:   37[178] 11:02:23     -178.065971*       0.0456
BFGSLineSearch:   38[186] 11:03:44     -178.066083*       0.0270
