                Step[ FC]     Time          Energy          fmax
*Force-consistent energies used in optimization.
BFGSLineSearch:    0[  0] 09:06:00     -183.325879*       1.4551
BFGSLineSearch:    1[  2] 09:06:40     -183.609091*       0.7039
BFGSLineSearch:    2[  4] 09:07:06     -183.772046*       1.0615
BFGSLineSearch:    3[  6] 09:07:40     -183.894819*       0.7553
BFGSLineSearch:    4[  8] 09:08:11     -183.984431*       0.6139
BFGSLineSearch:    5[  9] 09:08:20     -184.015156*       0.4489
BFGSLineSearch:    6[ 12] 09:09:12     -184.023890*       0.2939
BFGSLineSearch:    7[ 14] 09:09:31     -184.027834*       0.2427
BFGSLineSearch:    8[ 17] 09:10:03     -184.036187*       0.4226
BFGSLineSearch:    9[ 22] 09:10:57     -184.045693*       0.4635
BFGSLineSearch:   10[ 29] 09:11:55     -184.054522*       0.4753
BFGSLineSearch:   11[ 32] 09:12:26     -184.071320*       0.5616
BFGSLineSearch:   12[ 34] 09:12:41     -184.085367*       0.3329
BFGSLineSearch:   13[ 36] 09:12:59     -184.089525*       0.2598
BFGSLineSearch:   14[ 41] 09:13:53     -184.099024*       0.3182
BFGSLineSearch:   15[ 48] 09:14:58     -184.107685*       0.5359
BFGSLineSearch:   16[ 53] 09:15:42     -184.118373*       0.5294
BFGSLineSearch:   17[ 57] 09:16:12     -184.122153*       0.4123
BFGSLineSearch:   18[ 60] 09:16:41     -184.125794*       0.2959
BFGSLineSearch:   19[ 65] 09:17:17     -184.127383*       0.1926
BFGSLineSearch:   20[ 74] 09:18:11     -184.128294*       0.2001
BFGSLineSearch:   21[ 83] 09:19:18     -184.129712*       0.1819
BFGSLineSearch:   22[ 86] 09:19:43     -184.131592*       0.2174
BFGSLineSearch:   23[ 91] 09:20:19     -184.132348*       0.1899
BFGSLineSearch:   24[101] 09:21:33     -184.132987*       0.3454
BFGSLineSearch:   25[106] 09:22:09     -184.134261*       0.3346
BFGSLineSearch:   26[111] 09:22:45     -184.136441*       0.2259
BFGSLineSearch:   27[120] 09:23:39     -184.137121*       0.1404
BFGSLineSearch:   28[131] 09:24:59     -184.137656*       0.2345
BFGSLineSearch:   29[140] 09:25:53     -184.138308*       0.1751
BFGSLineSearch:   30[148] 09:26:54     -184.137930*       0.2536
BFGSLineSearch:   31[152] 09:27:24     -184.139528*       0.1264
BFGSLineSearch:   32[157] 09:27:57     -184.139893*       0.0893
BFGSLineSearch:   33[169] 09:29:19     -184.140003*       0.0861
BFGSLineSearch:   34[181] 09:30:34     -184.139984*       0.1398
BFGSLineSearch:   35[186] 09:31:10     -184.140394*       0.0764
BFGSLineSearch:   36[195] 09:31:58     -184.140418*       0.0522
BFGSLineSearch:   37[199] 09:32:28     -184.140558*       0.0453
BFGSLineSearch:   38[203] 09:32:53     -184.140576*       0.0364
BFGSLineSearch:   39[214] 09:33:59     -184.140537*       0.0743
BFGSLineSearch:   40[223] 09:34:47     -184.140631*       0.0568
BFGSLineSearch:   41[228] 09:35:21     -184.140802*       0.0335
BFGSLineSearch:   42[233] 09:35:52     -184.140815*       0.0262
