2024-04-26 15:25:34: Running on host: DESKTOP-UGE5EU7
2024-04-26 15:25:34: Seed with <3407>
2024-04-26 15:25:34: Instantiating datamodule <curator.data.AtomsDataModule> from dataset /home/xinyang/aspirin_dft.traj
2024-04-26 15:25:34: Instantiating model <curator.model.NeuralNetworkPotential>
2024-04-26 15:25:34: Model parameters: 600,577
2024-04-26 15:25:34: Instantiating task <curator.model.LitNNP>
2024-04-26 15:25:34: Instantiating trainer <pytorch_lightning.Trainer>
2024-04-26 15:25:35: Dataset size: 211762, training dataset size: 100, validation dataset size: 50test dataset size: 0.
2024-04-26 15:25:35: Training model for elements: ['C', 'H', 'O'].
2024-04-26 15:25:35: Using reference energies for elements: {6: -22736.8984375, 1: -20210.58203125, 8: -10105.2900390625}.
2024-04-26 15:25:35: Forces will be scaled by forces_rms: 28.358.
2024-04-26 15:25:35: Atomwise model outputs will be normalized.
2024-04-26 15:25:35: Model output properties will be scaled by 28.358, shifted by 0.000.
2024-04-26 15:25:35: Using reference energies for elements: {'C': -22736.8984375, 'H': -20210.58203125, 'O': -10105.2900390625}.


2024-04-26 15:25:36: Start training model


2024-04-26 15:25:36: Training
# epoch      batch      total_loss     energy_loss     forces_loss      energy_mae     energy_rmse      forces_mae     forces_rmse
      0          0             190            89.3             101             120             120            20.5            29.2
      0          1             115            16.2            99.1            50.7            51.1            20.7              29
      0          2             128            54.1            74.1            93.1            93.3            19.2            25.1
      0          3              97            17.5            79.5            52.8              53            19.3            25.9
      0          4            83.9           0.214            83.7            4.89            5.87            19.4            26.6
      0          5            91.8            13.2            78.6            45.4              46            18.8            25.8
      0          6            85.3            20.7            64.6            57.6            57.7            17.3            23.4
      0          7              74            16.9            57.1            51.9            52.1            16.3              22
      0          8              71            5.96              65            30.5              31            17.8            23.5
      0          9            66.2           0.337            65.8            6.15            7.36            16.7            23.6
      0         10            75.6            2.88            72.7            20.7            21.5            16.9            24.8
      0         11            67.7            10.6              57            41.2            41.4            15.5              22
      0         12              43            10.5            32.5              41            41.2            12.6            16.6


2024-04-26 15:25:39: Validating
# epoch      batch      total_loss     energy_loss     forces_loss      energy_mae     energy_rmse      forces_mae     forces_rmse
      0          0            61.9            4.01            57.9            24.8            25.4              16            22.1
      0          1            64.5            3.93            60.6            24.1            25.1            16.5            22.6
      0          2            57.5            4.42              53            26.2            26.7            15.1            21.2
      0          3            53.8            4.24            49.5            25.9            26.1            14.8            20.5
      0          4            54.5            5.07            49.5              28            28.6            14.8            20.5
      0          5              53            4.14            48.8            25.5            25.8            15.2            20.3
      0          6            44.8            3.34            41.4            23.2            23.2            14.1            18.7


2024-04-26 15:25:40: Epoch summary:
Validation  # epoch      total_loss     energy_loss     forces_loss      energy_mae     energy_rmse      forces_mae     forces_rmse
                  0            55.7            4.26            52.8            25.7            26.2            15.4            21.1
Train       # epoch      total_loss     energy_loss     forces_loss      energy_mae     energy_rmse      forces_mae     forces_rmse
                  0            91.4            20.3            73.1            47.6            57.1              18            24.9


2024-04-26 15:25:40: Training
# epoch      batch      total_loss     energy_loss     forces_loss      energy_mae     energy_rmse      forces_mae     forces_rmse
      1          0            54.6            6.27            48.3            31.3            31.8            14.5            20.2
      1          1            58.5           0.619            57.9            8.28            9.98            14.6            22.1
      1          2            48.9           0.754            48.2              10              11            13.8            20.2
      1          3            49.9            3.63            46.2            23.9            24.2            13.9            19.8
      1          4            61.6            6.26            55.3            31.5            31.7            14.5            21.6
      1          5              42            4.63            37.3              27            27.3            12.5            17.8
      1          6            42.9            1.93              41            17.1            17.6            13.1            18.6
      1          7            38.5           0.136            38.4             3.7            4.67            12.8              18
      1          8              45           0.794            44.2            9.69            11.3            13.4            19.3
      1          9            50.5            2.73            47.7            20.2            20.9            13.3            20.1
      1         10            39.4            3.81            35.6            24.5            24.8            12.4            17.4
      1         11            46.1            2.02            44.1            17.5              18            13.3            19.3
      1         12            36.2           0.372            35.9            7.18            7.74            12.1            17.4


2024-04-26 15:25:41: Validating
# epoch      batch      total_loss     energy_loss     forces_loss      energy_mae     energy_rmse      forces_mae     forces_rmse
      1          0            37.9           0.348            37.5            6.02            7.49            12.9            17.8
      1          1            39.8           0.315            39.5            6.27            7.12            13.1            18.3
      1          2            36.9           0.303            36.6             6.6            6.99            12.2            17.6
      1          3            36.3           0.221            36.1            5.05            5.97            12.7            17.5
      1          4            36.1           0.466            35.6            7.46            8.65            12.2            17.4
      1          5            31.3           0.278              31            5.95            6.67            12.3            16.2
      1          6            31.2          0.0561            31.1               3               3            11.6            16.2


2024-04-26 15:25:41: Epoch summary:
Validation  # epoch      total_loss     energy_loss     forces_loss      energy_mae     energy_rmse      forces_mae     forces_rmse
                  1            35.6           0.311            35.9             6.1            7.08            12.5            17.4
Train       # epoch      total_loss     energy_loss     forces_loss      energy_mae     energy_rmse      forces_mae     forces_rmse
                  1            47.2             2.7              45            18.3            20.8            13.5            19.5


2024-04-26 15:25:41: Training
# epoch      batch      total_loss     energy_loss     forces_loss      energy_mae     energy_rmse      forces_mae     forces_rmse
